# JRE version: OpenJDK Runtime Environment (11.0.11+9) (build 11.0.11+9-b60-7590822)
# Java VM: OpenJDK 64-Bit Server VM (11.0.11+9-b60-7590822, mixed mode, tiered, compressed oops, g1 gc, windows-amd64)
Heap:
 garbage-first heap   total 280576K, used 112490K [0x0000000080000000, 0x0000000100000000)
  region size 1024K, 93 young (95232K), 13 survivors (13312K)
 Metaspace       used 48041K, capacity 49257K, committed 49532K, reserved 1091584K
  class space    used 6111K, capacity 6577K, committed 6656K, reserved 1048576K
GC Heap History (20 events):
Event: 0.755 GC heap before
{Heap before GC invocations=1 (full 0):
 garbage-first heap   total 233472K, used 14552K [0x0000000080000000, 0x0000000100000000)
  region size 1024K, 11 young (11264K), 2 survivors (2048K)
 Metaspace       used 9417K, capacity 9569K, committed 9728K, reserved 1058816K
  class space    used 941K, capacity 1004K, committed 1024K, reserved 1048576K
}
Event: 0.758 GC heap after
{Heap after GC invocations=2 (full 0):
 garbage-first heap   total 233472K, used 8764K [0x0000000080000000, 0x0000000100000000)
  region size 1024K, 2 young (2048K), 2 survivors (2048K)
 Metaspace       used 9417K, capacity 9569K, committed 9728K, reserved 1058816K
  class space    used 941K, capacity 1004K, committed 1024K, reserved 1048576K
}
Event: 1.070 GC heap before
{Heap before GC invocations=2 (full 0):
 garbage-first heap   total 233472K, used 21052K [0x0000000080000000, 0x0000000100000000)
  region size 1024K, 15 young (15360K), 2 survivors (2048K)
 Metaspace       used 10833K, capacity 11073K, committed 11264K, reserved 1058816K
  class space    used 1130K, capacity 1207K, committed 1280K, reserved 1048576K
}
Event: 1.072 GC heap after
{Heap after GC invocations=3 (full 0):
 garbage-first heap   total 233472K, used 9472K [0x0000000080000000, 0x0000000100000000)
  region size 1024K, 1 young (1024K), 1 survivors (1024K)
 Metaspace       used 10833K, capacity 11073K, committed 11264K, reserved 1058816K
  class space    used 1130K, capacity 1207K, committed 1280K, reserved 1048576K
}
Event: 1.351 GC heap before
{Heap before GC invocations=3 (full 0):
 garbage-first heap   total 233472K, used 28928K [0x0000000080000000, 0x0000000100000000)
  region size 1024K, 19 young (19456K), 1 survivors (1024K)
 Metaspace       used 10905K, capacity 11137K, committed 11264K, reserved 1058816K
  class space    used 1131K, capacity 1207K, committed 1280K, reserved 1048576K
}
Event: 1.353 GC heap after
{Heap after GC invocations=4 (full 0):
 garbage-first heap   total 233472K, used 11720K [0x0000000080000000, 0x0000000100000000)
  region size 1024K, 2 young (2048K), 2 survivors (2048K)
 Metaspace       used 10905K, capacity 11137K, committed 11264K, reserved 1058816K
  class space    used 1131K, capacity 1207K, committed 1280K, reserved 1048576K
}
Event: 1.759 GC heap before
{Heap before GC invocations=4 (full 0):
 garbage-first heap   total 233472K, used 38344K [0x0000000080000000, 0x0000000100000000)
  region size 1024K, 28 young (28672K), 2 survivors (2048K)
 Metaspace       used 13808K, capacity 14137K, committed 14208K, reserved 1062912K
  class space    used 1528K, capacity 1654K, committed 1664K, reserved 1048576K
}
Event: 1.765 GC heap after
{Heap after GC invocations=5 (full 0):
 garbage-first heap   total 233472K, used 15525K [0x0000000080000000, 0x0000000100000000)
  region size 1024K, 4 young (4096K), 4 survivors (4096K)
 Metaspace       used 13808K, capacity 14137K, committed 14208K, reserved 1062912K
  class space    used 1528K, capacity 1654K, committed 1664K, reserved 1048576K
}
Event: 2.511 GC heap before
{Heap before GC invocations=5 (full 0):
 garbage-first heap   total 233472K, used 48293K [0x0000000080000000, 0x0000000100000000)
  region size 1024K, 36 young (36864K), 4 survivors (4096K)
 Metaspace       used 19513K, capacity 19968K, committed 20224K, reserved 1067008K
  class space    used 2373K, capacity 2514K, committed 2560K, reserved 1048576K
}
Event: 2.517 GC heap after
{Heap after GC invocations=6 (full 0):
 garbage-first heap   total 233472K, used 16888K [0x0000000080000000, 0x0000000100000000)
  region size 1024K, 4 young (4096K), 4 survivors (4096K)
 Metaspace       used 19513K, capacity 19968K, committed 20224K, reserved 1067008K
  class space    used 2373K, capacity 2514K, committed 2560K, reserved 1048576K
}
Event: 2.635 GC heap before
{Heap before GC invocations=6 (full 0):
 garbage-first heap   total 233472K, used 24056K [0x0000000080000000, 0x0000000100000000)
  region size 1024K, 12 young (12288K), 4 survivors (4096K)
 Metaspace       used 20690K, capacity 21102K, committed 21296K, reserved 1069056K
  class space    used 2528K, capacity 2658K, committed 2688K, reserved 1048576K
}
Event: 2.640 GC heap after
{Heap after GC invocations=7 (full 0):
 garbage-first heap   total 233472K, used 17321K [0x0000000080000000, 0x0000000100000000)
  region size 1024K, 2 young (2048K), 2 survivors (2048K)
 Metaspace       used 20690K, capacity 21102K, committed 21296K, reserved 1069056K
  class space    used 2528K, capacity 2658K, committed 2688K, reserved 1048576K
}
Event: 3.223 GC heap before
{Heap before GC invocations=8 (full 0):
 garbage-first heap   total 233472K, used 59305K [0x0000000080000000, 0x0000000100000000)
  region size 1024K, 44 young (45056K), 2 survivors (2048K)
 Metaspace       used 25069K, capacity 25580K, committed 25648K, reserved 1071104K
  class space    used 3228K, capacity 3433K, committed 3456K, reserved 1048576K
}
Event: 3.231 GC heap after
{Heap after GC invocations=9 (full 0):
 garbage-first heap   total 233472K, used 19195K [0x0000000080000000, 0x0000000100000000)
  region size 1024K, 4 young (4096K), 4 survivors (4096K)
 Metaspace       used 25069K, capacity 25580K, committed 25648K, reserved 1071104K
  class space    used 3228K, capacity 3433K, committed 3456K, reserved 1048576K
}
Event: 4.066 GC heap before
{Heap before GC invocations=9 (full 0):
 garbage-first heap   total 233472K, used 80635K [0x0000000080000000, 0x0000000100000000)
  region size 1024K, 64 young (65536K), 4 survivors (4096K)
 Metaspace       used 32350K, capacity 33024K, committed 33200K, reserved 1077248K
  class space    used 4255K, capacity 4536K, committed 4608K, reserved 1048576K
}
Event: 4.076 GC heap after
{Heap after GC invocations=10 (full 0):
 garbage-first heap   total 233472K, used 22058K [0x0000000080000000, 0x0000000100000000)
  region size 1024K, 7 young (7168K), 7 survivors (7168K)
 Metaspace       used 32350K, capacity 33024K, committed 33200K, reserved 1077248K
  class space    used 4255K, capacity 4536K, committed 4608K, reserved 1048576K
}
Event: 4.196 GC heap before
{Heap before GC invocations=10 (full 0):
 garbage-first heap   total 233472K, used 27178K [0x0000000080000000, 0x0000000100000000)
  region size 1024K, 13 young (13312K), 7 survivors (7168K)
 Metaspace       used 34903K, capacity 35643K, committed 35708K, reserved 1081344K
  class space    used 4530K, capacity 4857K, committed 4864K, reserved 1048576K
}
Event: 4.208 GC heap after
{Heap after GC invocations=11 (full 0):
 garbage-first heap   total 280576K, used 22931K [0x0000000080000000, 0x0000000100000000)
  region size 1024K, 6 young (6144K), 6 survivors (6144K)
 Metaspace       used 34903K, capacity 35643K, committed 35708K, reserved 1081344K
  class space    used 4530K, capacity 4857K, committed 4864K, reserved 1048576K
}
Event: 5.624 GC heap before
{Heap before GC invocations=12 (full 0):
 garbage-first heap   total 280576K, used 130451K [0x0000000080000000, 0x0000000100000000)
  region size 1024K, 108 young (110592K), 6 survivors (6144K)
 Metaspace       used 43832K, capacity 44891K, committed 45052K, reserved 1089536K
  class space    used 5590K, capacity 5983K, committed 6016K, reserved 1048576K
}
Event: 5.643 GC heap after
{Heap after GC invocations=13 (full 0):
 garbage-first heap   total 280576K, used 29546K [0x0000000080000000, 0x0000000100000000)
  region size 1024K, 13 young (13312K), 13 survivors (13312K)
 Metaspace       used 43832K, capacity 44891K, committed 45052K, reserved 1089536K
  class space    used 5590K, capacity 5983K, committed 6016K, reserved 1048576K
}

