# JRE version: OpenJDK Runtime Environment (11.0.11+9) (build 11.0.11+9-b60-7590822)
# Java VM: OpenJDK 64-Bit Server VM (11.0.11+9-b60-7590822, mixed mode, tiered, compressed oops, g1 gc, windows-amd64)
Heap:
 garbage-first heap   total 280576K, used 86671K [0x0000000080000000, 0x0000000100000000)
  region size 1024K, 69 young (70656K), 12 survivors (12288K)
 Metaspace       used 46740K, capacity 47867K, committed 48124K, reserved 1091584K
  class space    used 6010K, capacity 6467K, committed 6528K, reserved 1048576K
GC Heap History (20 events):
Event: 1.244 GC heap before
{Heap before GC invocations=1 (full 0):
 garbage-first heap   total 233472K, used 14056K [0x0000000080000000, 0x0000000100000000)
  region size 1024K, 11 young (11264K), 2 survivors (2048K)
 Metaspace       used 9395K, capacity 9569K, committed 9728K, reserved 1058816K
  class space    used 941K, capacity 1004K, committed 1024K, reserved 1048576K
}
Event: 1.250 GC heap after
{Heap after GC invocations=2 (full 0):
 garbage-first heap   total 233472K, used 8781K [0x0000000080000000, 0x0000000100000000)
  region size 1024K, 2 young (2048K), 2 survivors (2048K)
 Metaspace       used 9395K, capacity 9569K, committed 9728K, reserved 1058816K
  class space    used 941K, capacity 1004K, committed 1024K, reserved 1048576K
}
Event: 1.501 GC heap before
{Heap before GC invocations=2 (full 0):
 garbage-first heap   total 233472K, used 17997K [0x0000000080000000, 0x0000000100000000)
  region size 1024K, 11 young (11264K), 2 survivors (2048K)
 Metaspace       used 10370K, capacity 10600K, committed 10624K, reserved 1058816K
  class space    used 1074K, capacity 1135K, committed 1152K, reserved 1048576K
}
Event: 1.504 GC heap after
{Heap after GC invocations=3 (full 0):
 garbage-first heap   total 233472K, used 9336K [0x0000000080000000, 0x0000000100000000)
  region size 1024K, 1 young (1024K), 1 survivors (1024K)
 Metaspace       used 10370K, capacity 10600K, committed 10624K, reserved 1058816K
  class space    used 1074K, capacity 1135K, committed 1152K, reserved 1048576K
}
Event: 1.824 GC heap before
{Heap before GC invocations=3 (full 0):
 garbage-first heap   total 233472K, used 23672K [0x0000000080000000, 0x0000000100000000)
  region size 1024K, 16 young (16384K), 1 survivors (1024K)
 Metaspace       used 10870K, capacity 11073K, committed 11264K, reserved 1058816K
  class space    used 1130K, capacity 1207K, committed 1280K, reserved 1048576K
}
Event: 1.825 GC heap after
{Heap after GC invocations=4 (full 0):
 garbage-first heap   total 233472K, used 9704K [0x0000000080000000, 0x0000000100000000)
  region size 1024K, 1 young (1024K), 1 survivors (1024K)
 Metaspace       used 10870K, capacity 11073K, committed 11264K, reserved 1058816K
  class space    used 1130K, capacity 1207K, committed 1280K, reserved 1048576K
}
Event: 2.061 GC heap before
{Heap before GC invocations=4 (full 0):
 garbage-first heap   total 233472K, used 33256K [0x0000000080000000, 0x0000000100000000)
  region size 1024K, 24 young (24576K), 1 survivors (1024K)
 Metaspace       used 11131K, capacity 11417K, committed 11520K, reserved 1058816K
  class space    used 1183K, capacity 1279K, committed 1280K, reserved 1048576K
}
Event: 2.064 GC heap after
{Heap after GC invocations=5 (full 0):
 garbage-first heap   total 233472K, used 14051K [0x0000000080000000, 0x0000000100000000)
  region size 1024K, 3 young (3072K), 3 survivors (3072K)
 Metaspace       used 11131K, capacity 11417K, committed 11520K, reserved 1058816K
  class space    used 1183K, capacity 1279K, committed 1280K, reserved 1048576K
}
Event: 3.416 GC heap before
{Heap before GC invocations=5 (full 0):
 garbage-first heap   total 233472K, used 43747K [0x0000000080000000, 0x0000000100000000)
  region size 1024K, 32 young (32768K), 3 survivors (3072K)
 Metaspace       used 17756K, capacity 18123K, committed 18432K, reserved 1064960K
  class space    used 2098K, capacity 2219K, committed 2304K, reserved 1048576K
}
Event: 3.424 GC heap after
{Heap after GC invocations=6 (full 0):
 garbage-first heap   total 233472K, used 16103K [0x0000000080000000, 0x0000000100000000)
  region size 1024K, 4 young (4096K), 4 survivors (4096K)
 Metaspace       used 17756K, capacity 18123K, committed 18432K, reserved 1064960K
  class space    used 2098K, capacity 2219K, committed 2304K, reserved 1048576K
}
Event: 4.101 GC heap before
{Heap before GC invocations=6 (full 0):
 garbage-first heap   total 233472K, used 37607K [0x0000000080000000, 0x0000000100000000)
  region size 1024K, 27 young (27648K), 4 survivors (4096K)
 Metaspace       used 20696K, capacity 21102K, committed 21296K, reserved 1069056K
  class space    used 2529K, capacity 2658K, committed 2688K, reserved 1048576K
}
Event: 4.106 GC heap after
{Heap after GC invocations=7 (full 0):
 garbage-first heap   total 233472K, used 17035K [0x0000000080000000, 0x0000000100000000)
  region size 1024K, 3 young (3072K), 3 survivors (3072K)
 Metaspace       used 20696K, capacity 21102K, committed 21296K, reserved 1069056K
  class space    used 2529K, capacity 2658K, committed 2688K, reserved 1048576K
}
Event: 5.059 GC heap before
{Heap before GC invocations=8 (full 0):
 garbage-first heap   total 233472K, used 55947K [0x0000000080000000, 0x0000000100000000)
  region size 1024K, 41 young (41984K), 3 survivors (3072K)
 Metaspace       used 24514K, capacity 25126K, committed 25392K, reserved 1071104K
  class space    used 3138K, capacity 3366K, committed 3456K, reserved 1048576K
}
Event: 5.072 GC heap after
{Heap after GC invocations=9 (full 0):
 garbage-first heap   total 233472K, used 18457K [0x0000000080000000, 0x0000000100000000)
  region size 1024K, 5 young (5120K), 5 survivors (5120K)
 Metaspace       used 24514K, capacity 25126K, committed 25392K, reserved 1071104K
  class space    used 3138K, capacity 3366K, committed 3456K, reserved 1048576K
}
Event: 6.295 GC heap before
{Heap before GC invocations=9 (full 0):
 garbage-first heap   total 233472K, used 74777K [0x0000000080000000, 0x0000000100000000)
  region size 1024K, 60 young (61440K), 5 survivors (5120K)
 Metaspace       used 30043K, capacity 30699K, committed 30896K, reserved 1075200K
  class space    used 4021K, capacity 4272K, committed 4352K, reserved 1048576K
}
Event: 6.305 GC heap after
{Heap after GC invocations=10 (full 0):
 garbage-first heap   total 280576K, used 20238K [0x0000000080000000, 0x0000000100000000)
  region size 1024K, 6 young (6144K), 6 survivors (6144K)
 Metaspace       used 30043K, capacity 30699K, committed 30896K, reserved 1075200K
  class space    used 4021K, capacity 4272K, committed 4352K, reserved 1048576K
}
Event: 6.827 GC heap before
{Heap before GC invocations=10 (full 0):
 garbage-first heap   total 280576K, used 36622K [0x0000000080000000, 0x0000000100000000)
  region size 1024K, 23 young (23552K), 6 survivors (6144K)
 Metaspace       used 34884K, capacity 35643K, committed 35708K, reserved 1081344K
  class space    used 4522K, capacity 4857K, committed 4864K, reserved 1048576K
}
Event: 6.841 GC heap after
{Heap after GC invocations=11 (full 0):
 garbage-first heap   total 280576K, used 22798K [0x0000000080000000, 0x0000000100000000)
  region size 1024K, 9 young (9216K), 9 survivors (9216K)
 Metaspace       used 34884K, capacity 35643K, committed 35708K, reserved 1081344K
  class space    used 4522K, capacity 4857K, committed 4864K, reserved 1048576K
}
Event: 8.631 GC heap before
{Heap before GC invocations=12 (full 0):
 garbage-first heap   total 280576K, used 112910K [0x0000000080000000, 0x0000000100000000)
  region size 1024K, 95 young (97280K), 9 survivors (9216K)
 Metaspace       used 42048K, capacity 43026K, committed 43132K, reserved 1087488K
  class space    used 5427K, capacity 5790K, committed 5888K, reserved 1048576K
}
Event: 8.650 GC heap after
{Heap after GC invocations=13 (full 0):
 garbage-first heap   total 280576K, used 28303K [0x0000000080000000, 0x0000000100000000)
  region size 1024K, 12 young (12288K), 12 survivors (12288K)
 Metaspace       used 42048K, capacity 43026K, committed 43132K, reserved 1087488K
  class space    used 5427K, capacity 5790K, committed 5888K, reserved 1048576K
}

