# JRE version: OpenJDK Runtime Environment (11.0.11+9) (build 11.0.11+9-b60-7590822)
# Java VM: OpenJDK 64-Bit Server VM (11.0.11+9-b60-7590822, mixed mode, tiered, compressed oops, g1 gc, windows-amd64)
Heap:
 garbage-first heap   total 280576K, used 45417K [0x0000000080000000, 0x0000000100000000)
  region size 1024K, 2 young (2048K), 2 survivors (2048K)
 Metaspace       used 54088K, capacity 55345K, committed 55420K, reserved 1105920K
  class space    used 6877K, capacity 7380K, committed 7424K, reserved 1048576K
GC Heap History (20 events):
Event: 0.946 GC heap before
{Heap before GC invocations=2 (full 0):
 garbage-first heap   total 233472K, used 17018K [0x0000000080000000, 0x0000000100000000)
  region size 1024K, 11 young (11264K), 2 survivors (2048K)
 Metaspace       used 10358K, capacity 10540K, committed 10624K, reserved 1058816K
  class space    used 1076K, capacity 1135K, committed 1152K, reserved 1048576K
}
Event: 0.948 GC heap after
{Heap after GC invocations=3 (full 0):
 garbage-first heap   total 233472K, used 9396K [0x0000000080000000, 0x0000000100000000)
  region size 1024K, 1 young (1024K), 1 survivors (1024K)
 Metaspace       used 10358K, capacity 10540K, committed 10624K, reserved 1058816K
  class space    used 1076K, capacity 1135K, committed 1152K, reserved 1048576K
}
Event: 1.193 GC heap before
{Heap before GC invocations=3 (full 0):
 garbage-first heap   total 233472K, used 22708K [0x0000000080000000, 0x0000000100000000)
  region size 1024K, 15 young (15360K), 1 survivors (1024K)
 Metaspace       used 10853K, capacity 11077K, committed 11264K, reserved 1058816K
  class space    used 1130K, capacity 1207K, committed 1280K, reserved 1048576K
}
Event: 1.194 GC heap after
{Heap after GC invocations=4 (full 0):
 garbage-first heap   total 233472K, used 9792K [0x0000000080000000, 0x0000000100000000)
  region size 1024K, 1 young (1024K), 1 survivors (1024K)
 Metaspace       used 10853K, capacity 11077K, committed 11264K, reserved 1058816K
  class space    used 1130K, capacity 1207K, committed 1280K, reserved 1048576K
}
Event: 1.486 GC heap before
{Heap before GC invocations=4 (full 0):
 garbage-first heap   total 233472K, used 32320K [0x0000000080000000, 0x0000000100000000)
  region size 1024K, 23 young (23552K), 1 survivors (1024K)
 Metaspace       used 11028K, capacity 11325K, committed 11520K, reserved 1058816K
  class space    used 1157K, capacity 1247K, committed 1280K, reserved 1048576K
}
Event: 1.490 GC heap after
{Heap after GC invocations=5 (full 0):
 garbage-first heap   total 233472K, used 13790K [0x0000000080000000, 0x0000000100000000)
  region size 1024K, 3 young (3072K), 3 survivors (3072K)
 Metaspace       used 11028K, capacity 11325K, committed 11520K, reserved 1058816K
  class space    used 1157K, capacity 1247K, committed 1280K, reserved 1048576K
}
Event: 2.313 GC heap before
{Heap before GC invocations=5 (full 0):
 garbage-first heap   total 233472K, used 42462K [0x0000000080000000, 0x0000000100000000)
  region size 1024K, 31 young (31744K), 3 survivors (3072K)
 Metaspace       used 17616K, capacity 17994K, committed 18176K, reserved 1064960K
  class space    used 2067K, capacity 2217K, committed 2304K, reserved 1048576K
}
Event: 2.320 GC heap after
{Heap after GC invocations=6 (full 0):
 garbage-first heap   total 233472K, used 16215K [0x0000000080000000, 0x0000000100000000)
  region size 1024K, 3 young (3072K), 3 survivors (3072K)
 Metaspace       used 17616K, capacity 17994K, committed 18176K, reserved 1064960K
  class space    used 2067K, capacity 2217K, committed 2304K, reserved 1048576K
}
Event: 2.577 GC heap before
{Heap before GC invocations=6 (full 0):
 garbage-first heap   total 233472K, used 41815K [0x0000000080000000, 0x0000000100000000)
  region size 1024K, 29 young (29696K), 3 survivors (3072K)
 Metaspace       used 20688K, capacity 21106K, committed 21296K, reserved 1069056K
  class space    used 2528K, capacity 2658K, committed 2688K, reserved 1048576K
}
Event: 2.582 GC heap after
{Heap after GC invocations=7 (full 0):
 garbage-first heap   total 233472K, used 17071K [0x0000000080000000, 0x0000000100000000)
  region size 1024K, 4 young (4096K), 4 survivors (4096K)
 Metaspace       used 20688K, capacity 21106K, committed 21296K, reserved 1069056K
  class space    used 2528K, capacity 2658K, committed 2688K, reserved 1048576K
}
Event: 3.047 GC heap before
{Heap before GC invocations=8 (full 0):
 garbage-first heap   total 233472K, used 60079K [0x0000000080000000, 0x0000000100000000)
  region size 1024K, 46 young (47104K), 4 survivors (4096K)
 Metaspace       used 24949K, capacity 25514K, committed 25648K, reserved 1071104K
  class space    used 3214K, capacity 3430K, committed 3456K, reserved 1048576K
}
Event: 3.057 GC heap after
{Heap after GC invocations=9 (full 0):
 garbage-first heap   total 233472K, used 18946K [0x0000000080000000, 0x0000000100000000)
  region size 1024K, 3 young (3072K), 3 survivors (3072K)
 Metaspace       used 24949K, capacity 25514K, committed 25648K, reserved 1071104K
  class space    used 3214K, capacity 3430K, committed 3456K, reserved 1048576K
}
Event: 4.325 GC heap before
{Heap before GC invocations=9 (full 0):
 garbage-first heap   total 233472K, used 89602K [0x0000000080000000, 0x0000000100000000)
  region size 1024K, 73 young (74752K), 3 survivors (3072K)
 Metaspace       used 34846K, capacity 35647K, committed 35708K, reserved 1081344K
  class space    used 4522K, capacity 4857K, committed 4864K, reserved 1048576K
}
Event: 4.339 GC heap after
{Heap after GC invocations=10 (full 0):
 garbage-first heap   total 233472K, used 22665K [0x0000000080000000, 0x0000000100000000)
  region size 1024K, 7 young (7168K), 7 survivors (7168K)
 Metaspace       used 34846K, capacity 35647K, committed 35708K, reserved 1081344K
  class space    used 4522K, capacity 4857K, committed 4864K, reserved 1048576K
}
Event: 6.064 GC heap before
{Heap before GC invocations=11 (full 0):
 garbage-first heap   total 233472K, used 118921K [0x0000000080000000, 0x0000000100000000)
  region size 1024K, 98 young (100352K), 7 survivors (7168K)
 Metaspace       used 43089K, capacity 44022K, committed 44156K, reserved 1087488K
  class space    used 5458K, capacity 5822K, committed 5888K, reserved 1048576K
}
Event: 6.083 GC heap after
{Heap after GC invocations=12 (full 0):
 garbage-first heap   total 233472K, used 28754K [0x0000000080000000, 0x0000000100000000)
  region size 1024K, 13 young (13312K), 13 survivors (13312K)
 Metaspace       used 43089K, capacity 44022K, committed 44156K, reserved 1087488K
  class space    used 5458K, capacity 5822K, committed 5888K, reserved 1048576K
}
Event: 8.236 GC heap before
{Heap before GC invocations=12 (full 0):
 garbage-first heap   total 233472K, used 159826K [0x0000000080000000, 0x0000000100000000)
  region size 1024K, 136 young (139264K), 13 survivors (13312K)
 Metaspace       used 51819K, capacity 53093K, committed 53372K, reserved 1095680K
  class space    used 6575K, capacity 7075K, committed 7168K, reserved 1048576K
}
Event: 8.266 GC heap after
{Heap after GC invocations=13 (full 0):
 garbage-first heap   total 280576K, used 44022K [0x0000000080000000, 0x0000000100000000)
  region size 1024K, 17 young (17408K), 17 survivors (17408K)
 Metaspace       used 51819K, capacity 53093K, committed 53372K, reserved 1095680K
  class space    used 6575K, capacity 7075K, committed 7168K, reserved 1048576K
}
Event: 8.518 GC heap before
{Heap before GC invocations=13 (full 0):
 garbage-first heap   total 280576K, used 59382K [0x0000000080000000, 0x0000000100000000)
  region size 1024K, 33 young (33792K), 17 survivors (17408K)
 Metaspace       used 54088K, capacity 55345K, committed 55420K, reserved 1103872K
  class space    used 6877K, capacity 7380K, committed 7424K, reserved 1048576K
}
Event: 8.541 GC heap after
{Heap after GC invocations=14 (full 0):
 garbage-first heap   total 280576K, used 45417K [0x0000000080000000, 0x0000000100000000)
  region size 1024K, 2 young (2048K), 2 survivors (2048K)
 Metaspace       used 54088K, capacity 55345K, committed 55420K, reserved 1103872K
  class space    used 6877K, capacity 7380K, committed 7424K, reserved 1048576K
}

