# JRE version: OpenJDK Runtime Environment (11.0.11+9) (build 11.0.11+9-b60-7590822)
# Java VM: OpenJDK 64-Bit Server VM (11.0.11+9-b60-7590822, mixed mode, tiered, compressed oops, g1 gc, windows-amd64)
Heap:
 garbage-first heap   total 280576K, used 44326K [0x0000000080000000, 0x0000000100000000)
  region size 1024K, 17 young (17408K), 17 survivors (17408K)
 Metaspace       used 52588K, capacity 53945K, committed 54268K, reserved 1095680K
  class space    used 6671K, capacity 7170K, committed 7296K, reserved 1048576K
GC Heap History (20 events):
Event: 0.556 GC heap after
{Heap after GC invocations=1 (full 0):
 garbage-first heap   total 233472K, used 2799K [0x0000000080000000, 0x0000000100000000)
  region size 1024K, 2 young (2048K), 2 survivors (2048K)
 Metaspace       used 6662K, capacity 6761K, committed 7040K, reserved 1056768K
  class space    used 575K, capacity 614K, committed 640K, reserved 1048576K
}
Event: 0.883 GC heap before
{Heap before GC invocations=1 (full 0):
 garbage-first heap   total 233472K, used 14063K [0x0000000080000000, 0x0000000100000000)
  region size 1024K, 11 young (11264K), 2 survivors (2048K)
 Metaspace       used 9408K, capacity 9569K, committed 9728K, reserved 1058816K
  class space    used 941K, capacity 1004K, committed 1024K, reserved 1048576K
}
Event: 0.888 GC heap after
{Heap after GC invocations=2 (full 0):
 garbage-first heap   total 233472K, used 9216K [0x0000000080000000, 0x0000000100000000)
  region size 1024K, 2 young (2048K), 2 survivors (2048K)
 Metaspace       used 9408K, capacity 9569K, committed 9728K, reserved 1058816K
  class space    used 941K, capacity 1004K, committed 1024K, reserved 1048576K
}
Event: 1.203 GC heap before
{Heap before GC invocations=2 (full 0):
 garbage-first heap   total 233472K, used 18432K [0x0000000080000000, 0x0000000100000000)
  region size 1024K, 11 young (11264K), 2 survivors (2048K)
 Metaspace       used 10342K, capacity 10536K, committed 10624K, reserved 1058816K
  class space    used 1076K, capacity 1135K, committed 1152K, reserved 1048576K
}
Event: 1.205 GC heap after
{Heap after GC invocations=3 (full 0):
 garbage-first heap   total 233472K, used 9639K [0x0000000080000000, 0x0000000100000000)
  region size 1024K, 1 young (1024K), 1 survivors (1024K)
 Metaspace       used 10342K, capacity 10536K, committed 10624K, reserved 1058816K
  class space    used 1076K, capacity 1135K, committed 1152K, reserved 1048576K
}
Event: 1.603 GC heap before
{Heap before GC invocations=3 (full 0):
 garbage-first heap   total 233472K, used 23975K [0x0000000080000000, 0x0000000100000000)
  region size 1024K, 16 young (16384K), 1 survivors (1024K)
 Metaspace       used 10836K, capacity 11073K, committed 11264K, reserved 1058816K
  class space    used 1130K, capacity 1207K, committed 1280K, reserved 1048576K
}
Event: 1.605 GC heap after
{Heap after GC invocations=4 (full 0):
 garbage-first heap   total 233472K, used 10015K [0x0000000080000000, 0x0000000100000000)
  region size 1024K, 1 young (1024K), 1 survivors (1024K)
 Metaspace       used 10836K, capacity 11073K, committed 11264K, reserved 1058816K
  class space    used 1130K, capacity 1207K, committed 1280K, reserved 1048576K
}
Event: 2.110 GC heap before
{Heap before GC invocations=4 (full 0):
 garbage-first heap   total 233472K, used 33567K [0x0000000080000000, 0x0000000100000000)
  region size 1024K, 24 young (24576K), 1 survivors (1024K)
 Metaspace       used 11139K, capacity 11353K, committed 11520K, reserved 1058816K
  class space    used 1186K, capacity 1279K, committed 1280K, reserved 1048576K
}
Event: 2.113 GC heap after
{Heap after GC invocations=5 (full 0):
 garbage-first heap   total 233472K, used 13941K [0x0000000080000000, 0x0000000100000000)
  region size 1024K, 3 young (3072K), 3 survivors (3072K)
 Metaspace       used 11139K, capacity 11353K, committed 11520K, reserved 1058816K
  class space    used 1186K, capacity 1279K, committed 1280K, reserved 1048576K
}
Event: 3.890 GC heap before
{Heap before GC invocations=5 (full 0):
 garbage-first heap   total 233472K, used 44661K [0x0000000080000000, 0x0000000100000000)
  region size 1024K, 33 young (33792K), 3 survivors (3072K)
 Metaspace       used 18146K, capacity 18577K, committed 18688K, reserved 1064960K
  class space    used 2160K, capacity 2285K, committed 2304K, reserved 1048576K
}
Event: 3.897 GC heap after
{Heap after GC invocations=6 (full 0):
 garbage-first heap   total 233472K, used 16537K [0x0000000080000000, 0x0000000100000000)
  region size 1024K, 5 young (5120K), 5 survivors (5120K)
 Metaspace       used 18146K, capacity 18577K, committed 18688K, reserved 1064960K
  class space    used 2160K, capacity 2285K, committed 2304K, reserved 1048576K
}
Event: 4.166 GC heap before
{Heap before GC invocations=6 (full 0):
 garbage-first heap   total 233472K, used 37017K [0x0000000080000000, 0x0000000100000000)
  region size 1024K, 26 young (26624K), 5 survivors (5120K)
 Metaspace       used 20685K, capacity 21102K, committed 21296K, reserved 1069056K
  class space    used 2530K, capacity 2658K, committed 2688K, reserved 1048576K
}
Event: 4.172 GC heap after
{Heap after GC invocations=7 (full 0):
 garbage-first heap   total 233472K, used 17433K [0x0000000080000000, 0x0000000100000000)
  region size 1024K, 4 young (4096K), 4 survivors (4096K)
 Metaspace       used 20685K, capacity 21102K, committed 21296K, reserved 1069056K
  class space    used 2530K, capacity 2658K, committed 2688K, reserved 1048576K
}
Event: 5.171 GC heap before
{Heap before GC invocations=8 (full 0):
 garbage-first heap   total 233472K, used 56345K [0x0000000080000000, 0x0000000100000000)
  region size 1024K, 43 young (44032K), 4 survivors (4096K)
 Metaspace       used 24679K, capacity 25286K, committed 25392K, reserved 1071104K
  class space    used 3175K, capacity 3398K, committed 3456K, reserved 1048576K
}
Event: 5.184 GC heap after
{Heap after GC invocations=9 (full 0):
 garbage-first heap   total 233472K, used 19057K [0x0000000080000000, 0x0000000100000000)
  region size 1024K, 5 young (5120K), 5 survivors (5120K)
 Metaspace       used 24679K, capacity 25286K, committed 25392K, reserved 1071104K
  class space    used 3175K, capacity 3398K, committed 3456K, reserved 1048576K
}
Event: 6.412 GC heap before
{Heap before GC invocations=9 (full 0):
 garbage-first heap   total 233472K, used 89713K [0x0000000080000000, 0x0000000100000000)
  region size 1024K, 75 young (76800K), 5 survivors (5120K)
 Metaspace       used 34899K, capacity 35656K, committed 35708K, reserved 1081344K
  class space    used 4535K, capacity 4861K, committed 4864K, reserved 1048576K
}
Event: 6.426 GC heap after
{Heap after GC invocations=10 (full 0):
 garbage-first heap   total 233472K, used 23063K [0x0000000080000000, 0x0000000100000000)
  region size 1024K, 9 young (9216K), 9 survivors (9216K)
 Metaspace       used 34899K, capacity 35656K, committed 35708K, reserved 1081344K
  class space    used 4535K, capacity 4861K, committed 4864K, reserved 1048576K
}
Event: 9.201 GC heap before
{Heap before GC invocations=11 (full 0):
 garbage-first heap   total 233472K, used 119319K [0x0000000080000000, 0x0000000100000000)
  region size 1024K, 100 young (102400K), 9 survivors (9216K)
 Metaspace       used 43234K, capacity 44182K, committed 44412K, reserved 1087488K
  class space    used 5484K, capacity 5833K, committed 5888K, reserved 1048576K
}
Event: 9.232 GC heap after
{Heap after GC invocations=12 (full 0):
 garbage-first heap   total 233472K, used 29022K [0x0000000080000000, 0x0000000100000000)
  region size 1024K, 13 young (13312K), 13 survivors (13312K)
 Metaspace       used 43234K, capacity 44182K, committed 44412K, reserved 1087488K
  class space    used 5484K, capacity 5833K, committed 5888K, reserved 1048576K
}
Event: 30.000 GC heap before
{Heap before GC invocations=12 (full 0):
 garbage-first heap   total 233472K, used 159070K [0x0000000080000000, 0x0000000100000000)
  region size 1024K, 136 young (139264K), 13 survivors (13312K)
 Metaspace       used 52588K, capacity 53945K, committed 54268K, reserved 1095680K
  class space    used 6671K, capacity 7170K, committed 7296K, reserved 1048576K
}

